2025-12-13 00:37:26 - [INFO] - MLPredictionAPI - info:154 - ✅ ML Prediction API initialized
2025-12-13 00:38:57 - [INFO] - MLPredictionAPI - info:154 - ✅ ML Prediction API initialized
2025-12-13 00:40:42 - [INFO] - MLPredictionAPI - info:154 - ✅ ML Prediction API initialized
2025-12-13 11:34:59 - [INFO] - MLPredictionAPI - info:154 - ✅ ML Prediction API initialized
2025-12-13 13:08:18 - [INFO] - MLPredictionAPI - info:154 - ✅ ML Prediction API initialized
2025-12-13 13:38:42 - [INFO] - MLPredictionAPI - info:154 - ✅ ML Prediction API initialized
2025-12-13 13:54:15 - [INFO] - MLPredictionAPI - info:154 - ✅ ML Prediction API initialized
2025-12-13 14:00:54 - [INFO] - MLPredictionAPI - info:154 - ✅ ML Prediction API initialized
2025-12-13 14:11:54 - [INFO] - MLPredictionAPI - info:154 - ✅ ML Prediction API initialized
2025-12-13 17:28:16 - [INFO] - MLPredictionAPI - info:154 - ✅ ML Prediction API initialized
2025-12-13 18:15:44 - [INFO] - MLPredictionAPI - info:154 - ✅ ML Prediction API initialized
2025-12-13 18:30:17 - [INFO] - MLPredictionAPI - info:154 - ✅ ML Prediction API initialized
2025-12-13 18:50:18 - [INFO] - MLPredictionAPI - info:154 - ✅ ML Prediction API initialized
2025-12-13 18:58:49 - [ERROR] - MLPredictionAPI - error:162 - Model load error: Error when deserializing class 'InputLayer' using config={'batch_shape': [None, 10], 'dtype': 'float32', 'sparse': False, 'ragged': False, 'name': 'input_features'}.

Exception encountered: Unrecognized keyword arguments: ['batch_shape']
Traceback (most recent call last):
  File "C:\Gelistirme\CyberGuard_AI_Antigravity\src\api\ml_prediction.py", line 95, in _load_model
    model = keras.models.load_model(model_path)
            ^^^^^^^^^^^^^^^^^^^^^^^^^^^^^^^^^^^
  File "C:\Gelistirme\CyberGuard_AI\.venv\Lib\site-packages\tf_keras\src\saving\saving_api.py", line 301, in load_model
    return legacy_sm_saving_lib.load_model(
           ^^^^^^^^^^^^^^^^^^^^^^^^^^^^^^^^
  File "C:\Gelistirme\CyberGuard_AI\.venv\Lib\site-packages\tf_keras\src\utils\traceback_utils.py", line 70, in error_handler
    raise e.with_traceback(filtered_tb) from None
  File "C:\Gelistirme\CyberGuard_AI\.venv\Lib\site-packages\tf_keras\src\engine\base_layer.py", line 871, in from_config
    raise TypeError(
TypeError: Error when deserializing class 'InputLayer' using config={'batch_shape': [None, 10], 'dtype': 'float32', 'sparse': False, 'ragged': False, 'name': 'input_features'}.

Exception encountered: Unrecognized keyword arguments: ['batch_shape']
2025-12-13 19:01:11 - [INFO] - MLPredictionAPI - info:154 - ✅ ML Prediction API initialized
2025-12-13 19:01:12 - [INFO] - MLPredictionAPI - info:154 - Model loaded with compile=False
2025-12-13 19:01:12 - [INFO] - MLPredictionAPI - info:154 - ✅ Keras model loaded
2025-12-13 19:01:12 - [WARNING] - MLPredictionAPI - warning:158 - Model features boş, default kullanılıyor
2025-12-13 19:01:12 - [INFO] - MLPredictionAPI - info:154 - Features: shape=(1, 8)
2025-12-13 19:01:12 - [ERROR] - MLPredictionAPI - error:162 - Prediction error: Exception encountered when calling Sequential.call().

[1mInput 0 of layer "dense_1" is incompatible with the layer: expected axis -1 of input shape to have value 10, but received input with shape (1, 8)[0m

Arguments received by Sequential.call():
  • inputs=tf.Tensor(shape=(1, 8), dtype=float32)
  • training=False
  • mask=None
  • kwargs=<class 'inspect._empty'>
Traceback (most recent call last):
  File "C:\Gelistirme\CyberGuard_AI_Antigravity\src\api\ml_prediction.py", line 52, in predict
    pred = model.predict(X)[0]
           ^^^^^^^^^^^^^^^^
  File "C:\Users\eyupz\AppData\Local\Programs\Python\Python311\Lib\site-packages\keras\src\utils\traceback_utils.py", line 122, in error_handler
    raise e.with_traceback(filtered_tb) from None
  File "C:\Users\eyupz\AppData\Local\Programs\Python\Python311\Lib\site-packages\keras\src\layers\input_spec.py", line 227, in assert_input_compatibility
    raise ValueError(
ValueError: Exception encountered when calling Sequential.call().

[1mInput 0 of layer "dense_1" is incompatible with the layer: expected axis -1 of input shape to have value 10, but received input with shape (1, 8)[0m

Arguments received by Sequential.call():
  • inputs=tf.Tensor(shape=(1, 8), dtype=float32)
  • training=False
  • mask=None
  • kwargs=<class 'inspect._empty'>
2025-12-13 19:01:22 - [INFO] - MLPredictionAPI - info:154 - ✅ ML Prediction API initialized
2025-12-13 19:01:26 - [INFO] - MLPredictionAPI - info:154 - Model loaded with compile=False
2025-12-13 19:01:26 - [INFO] - MLPredictionAPI - info:154 - ✅ Keras model loaded
2025-12-13 19:01:26 - [WARNING] - MLPredictionAPI - warning:158 - Model features boş, default kullanılıyor
2025-12-13 19:01:26 - [INFO] - MLPredictionAPI - info:154 - Features: shape=(1, 8)
2025-12-13 19:01:26 - [ERROR] - MLPredictionAPI - error:162 - Prediction error: Exception encountered when calling Sequential.call().

[1mInput 0 of layer "dense_1" is incompatible with the layer: expected axis -1 of input shape to have value 10, but received input with shape (1, 8)[0m

Arguments received by Sequential.call():
  • inputs=tf.Tensor(shape=(1, 8), dtype=float32)
  • training=False
  • mask=None
  • kwargs=<class 'inspect._empty'>
Traceback (most recent call last):
  File "C:\Gelistirme\CyberGuard_AI_Antigravity\src\api\ml_prediction.py", line 52, in predict
    pred = model.predict(X)[0]
           ^^^^^^^^^^^^^^^^
  File "C:\Users\eyupz\AppData\Local\Programs\Python\Python311\Lib\site-packages\keras\src\utils\traceback_utils.py", line 122, in error_handler
    raise e.with_traceback(filtered_tb) from None
  File "C:\Users\eyupz\AppData\Local\Programs\Python\Python311\Lib\site-packages\keras\src\layers\input_spec.py", line 227, in assert_input_compatibility
    raise ValueError(
ValueError: Exception encountered when calling Sequential.call().

[1mInput 0 of layer "dense_1" is incompatible with the layer: expected axis -1 of input shape to have value 10, but received input with shape (1, 8)[0m

Arguments received by Sequential.call():
  • inputs=tf.Tensor(shape=(1, 8), dtype=float32)
  • training=False
  • mask=None
  • kwargs=<class 'inspect._empty'>
2025-12-13 19:02:09 - [ERROR] - MLPredictionAPI - error:162 - Model load error: Error when deserializing class 'InputLayer' using config={'batch_shape': [None, 10], 'dtype': 'float32', 'sparse': False, 'ragged': False, 'name': 'input_features'}.

Exception encountered: Unrecognized keyword arguments: ['batch_shape']
Traceback (most recent call last):
  File "C:\Gelistirme\CyberGuard_AI_Antigravity\src\api\ml_prediction.py", line 95, in _load_model
    if model is None:
            ^^^^^^^^^
  File "C:\Gelistirme\CyberGuard_AI\.venv\Lib\site-packages\tf_keras\src\saving\saving_api.py", line 301, in load_model
    return legacy_sm_saving_lib.load_model(
           ^^^^^^^^^^^^^^^^^^^^^^^^^^^^^^^^
  File "C:\Gelistirme\CyberGuard_AI\.venv\Lib\site-packages\tf_keras\src\utils\traceback_utils.py", line 70, in error_handler
    raise e.with_traceback(filtered_tb) from None
  File "C:\Gelistirme\CyberGuard_AI\.venv\Lib\site-packages\tf_keras\src\engine\base_layer.py", line 871, in from_config
    raise TypeError(
TypeError: Error when deserializing class 'InputLayer' using config={'batch_shape': [None, 10], 'dtype': 'float32', 'sparse': False, 'ragged': False, 'name': 'input_features'}.

Exception encountered: Unrecognized keyword arguments: ['batch_shape']
2025-12-13 19:02:41 - [INFO] - MLPredictionAPI - info:154 - ✅ ML Prediction API initialized
2025-12-13 19:02:49 - [ERROR] - MLPredictionAPI - error:162 - Model load error: Error when deserializing class 'InputLayer' using config={'batch_shape': [None, 10], 'dtype': 'float32', 'sparse': False, 'ragged': False, 'name': 'input_features'}.

Exception encountered: Unrecognized keyword arguments: ['batch_shape']
Traceback (most recent call last):
  File "C:\Gelistirme\CyberGuard_AI_Antigravity\src\api\ml_prediction.py", line 95, in _load_model
    if model is None:
            ^^^^^^^^^
  File "C:\Gelistirme\CyberGuard_AI\.venv\Lib\site-packages\tf_keras\src\saving\saving_api.py", line 301, in load_model
    return legacy_sm_saving_lib.load_model(
           ^^^^^^^^^^^^^^^^^^^^^^^^^^^^^^^^
  File "C:\Gelistirme\CyberGuard_AI\.venv\Lib\site-packages\tf_keras\src\utils\traceback_utils.py", line 70, in error_handler
    raise e.with_traceback(filtered_tb) from None
  File "C:\Gelistirme\CyberGuard_AI\.venv\Lib\site-packages\tf_keras\src\engine\base_layer.py", line 871, in from_config
    raise TypeError(
TypeError: Error when deserializing class 'InputLayer' using config={'batch_shape': [None, 10], 'dtype': 'float32', 'sparse': False, 'ragged': False, 'name': 'input_features'}.

Exception encountered: Unrecognized keyword arguments: ['batch_shape']
2025-12-13 19:04:04 - [INFO] - MLPredictionAPI - info:154 - ✅ ML Prediction API initialized
2025-12-13 19:04:25 - [WARNING] - MLPredictionAPI - warning:158 - Standard load failed: Error when deserializing class 'InputLayer' using config={'batch_shape': [None, 10], 'dtype': 'float32', 'sparse': False, 'ragged': False, 'name': 'input_features'}.

Exception encountered: Unrecognized keyword arguments: ['batch_shape']
2025-12-13 19:04:25 - [WARNING] - MLPredictionAPI - warning:158 - Safe mode off failed: Error when deserializing class 'InputLayer' using config={'batch_shape': [None, 10], 'dtype': 'float32', 'sparse': False, 'ragged': False, 'name': 'input_features'}.

Exception encountered: Unrecognized keyword arguments: ['batch_shape']
2025-12-13 19:04:26 - [WARNING] - MLPredictionAPI - warning:158 - Weight loading failed: Layer count mismatch when loading weights from file. Model expected 4 layers, found 9 saved layers.
2025-12-13 19:04:26 - [INFO] - MLPredictionAPI - info:154 - Model loaded with keras.saving
2025-12-13 19:04:26 - [INFO] - MLPredictionAPI - info:154 - ✅ Keras model loaded
2025-12-13 19:04:26 - [WARNING] - MLPredictionAPI - warning:158 - Model features boş, default kullanılıyor
2025-12-13 19:04:26 - [INFO] - MLPredictionAPI - info:154 - Features: shape=(1, 8)
2025-12-13 19:04:27 - [ERROR] - MLPredictionAPI - error:162 - Prediction error: Exception encountered when calling Sequential.call().

[1mInput 0 of layer "dense_1" is incompatible with the layer: expected axis -1 of input shape to have value 10, but received input with shape (1, 8)[0m

Arguments received by Sequential.call():
  • inputs=tf.Tensor(shape=(1, 8), dtype=float32)
  • training=False
  • mask=None
  • kwargs=<class 'inspect._empty'>
Traceback (most recent call last):
  File "C:\Gelistirme\CyberGuard_AI_Antigravity\src\api\ml_prediction.py", line 52, in predict
    pred = model.predict(X)[0]
           ^^^^^^^^^^^^^^^^
  File "C:\Gelistirme\CyberGuard_AI\.venv\Lib\site-packages\keras\src\utils\traceback_utils.py", line 122, in error_handler
    raise e.with_traceback(filtered_tb) from None
  File "C:\Gelistirme\CyberGuard_AI\.venv\Lib\site-packages\keras\src\layers\input_spec.py", line 227, in assert_input_compatibility
    raise ValueError(
ValueError: Exception encountered when calling Sequential.call().

[1mInput 0 of layer "dense_1" is incompatible with the layer: expected axis -1 of input shape to have value 10, but received input with shape (1, 8)[0m

Arguments received by Sequential.call():
  • inputs=tf.Tensor(shape=(1, 8), dtype=float32)
  • training=False
  • mask=None
  • kwargs=<class 'inspect._empty'>
2025-12-13 20:55:20 - [INFO] - MLPredictionAPI - info:154 - ✅ ML Prediction API initialized
2025-12-13 20:56:00 - [INFO] - MLPredictionAPI - info:154 - ✅ ML Prediction API initialized
2025-12-13 21:01:06 - [INFO] - MLPredictionAPI - info:154 - ✅ ML Prediction API initialized
2025-12-13 21:05:15 - [INFO] - MLPredictionAPI - info:154 - ✅ ML Prediction API initialized
