2025-12-10 10:19:58 - [INFO] - TrainingAPI - info:154 - ✅ Training API initialized
2025-12-10 10:24:05 - [INFO] - TrainingAPI - info:154 - 🚀 Training started: train_20251210_102405_CyberDefender_20251210
2025-12-10 10:24:05 - [ERROR] - TrainingAPI - error:162 - ❌ Training failed: train_20251210_102405_CyberDefender_20251210 - 'ModelManager' object has no attribute 'generate_model_id'
Traceback (most recent call last):
  File "C:\Gelistirme\CyberGuard_AI\src\api\training_api.py", line 173, in _run_training
    model_id, results = trainer.run_full_pipeline(**training_params)
                        ^^^^^^^^^^^^^^^^^^^^^^^^^^^^^^^^^^^^^^^^^^^^
  File "C:\Gelistirme\CyberGuard_AI\src\models\train_tensorflow_model.py", line 337, in run_full_pipeline
    self.train_model(
  File "C:\Gelistirme\CyberGuard_AI\src\models\train_tensorflow_model.py", line 251, in train_model
    self.initialize_model_tracking(hyperparameters, training_config)
  File "C:\Gelistirme\CyberGuard_AI\src\models\train_tensorflow_model.py", line 196, in initialize_model_tracking
    self.model_id = self.model_manager.generate_model_id(
                    ^^^^^^^^^^^^^^^^^^^^^^^^^^^^^^^^^^^^
AttributeError: 'ModelManager' object has no attribute 'generate_model_id'
2025-12-10 10:36:36 - [INFO] - TrainingAPI - info:154 - 🚀 Training started: train_20251210_103636_CyberDefender_20251210
2025-12-10 10:36:37 - [ERROR] - TrainingAPI - error:162 - ❌ Training failed: train_20251210_103636_CyberDefender_20251210 - 'ModelManager' object has no attribute 'generate_model_id'
Traceback (most recent call last):
  File "C:\Gelistirme\CyberGuard_AI\src\api\training_api.py", line 173, in _run_training
    model_id, results = trainer.run_full_pipeline(**training_params)
                        ^^^^^^^^^^^^^^^^^^^^^^^^^^^^^^^^^^^^^^^^^^^^
  File "C:\Gelistirme\CyberGuard_AI\src\models\train_tensorflow_model.py", line 337, in run_full_pipeline
    self.train_model(
  File "C:\Gelistirme\CyberGuard_AI\src\models\train_tensorflow_model.py", line 251, in train_model
    self.initialize_model_tracking(hyperparameters, training_config)
  File "C:\Gelistirme\CyberGuard_AI\src\models\train_tensorflow_model.py", line 196, in initialize_model_tracking
    self.model_id = self.model_manager.generate_model_id(
                    ^^^^^^^^^^^^^^^^^^^^^^^^^^^^^^^^^^^^
AttributeError: 'ModelManager' object has no attribute 'generate_model_id'
2025-12-10 17:52:13 - [INFO] - TrainingAPI - info:154 - ✅ Training API initialized
2025-12-10 17:53:02 - [INFO] - TrainingAPI - info:154 - 🚀 Training started: train_20251210_175302_CyberDefender_20251210
2025-12-10 17:53:05 - [ERROR] - TrainingAPI - error:162 - ❌ Training failed: train_20251210_175302_CyberDefender_20251210 - pop from empty list
Traceback (most recent call last):
  File "C:\Gelistirme\CyberGuard_AI\src\api\training_api.py", line 173, in _run_training
    model_id, results = trainer.run_full_pipeline(**training_params)
                        ^^^^^^^^^^^^^^^^^^^^^^^^^^^^^^^^^^^^^^^^^^^^
  File "C:\Gelistirme\CyberGuard_AI\src\models\train_tensorflow_model.py", line 337, in run_full_pipeline
    self.train_model(
  File "C:\Gelistirme\CyberGuard_AI\src\models\train_tensorflow_model.py", line 263, in train_model
    history = self.model.train(
              ^^^^^^^^^^^^^^^^^
  File "C:\Gelistirme\CyberGuard_AI\src\models\tensorflow_model.py", line 256, in train
    self.history = self.model.fit(
                   ^^^^^^^^^^^^^^^
  File "C:\Gelistirme\CyberGuard_AI\.venv\Lib\site-packages\keras\src\utils\traceback_utils.py", line 122, in error_handler
    raise e.with_traceback(filtered_tb) from None
  File "C:\Gelistirme\CyberGuard_AI\.venv\Lib\site-packages\keras\src\backend\common\name_scope.py", line 61, in __exit__
    name_scope_stack.pop()
IndexError: pop from empty list
2025-12-10 17:55:50 - [INFO] - TrainingAPI - info:154 - 🚀 Training started: train_20251210_175550_CyberDefender_20251210
2025-12-10 17:55:53 - [ERROR] - TrainingAPI - error:162 - ❌ Training failed: train_20251210_175550_CyberDefender_20251210 - 'NoneType' object has no attribute 'pop'
Traceback (most recent call last):
  File "C:\Gelistirme\CyberGuard_AI\src\api\training_api.py", line 173, in _run_training
  File "C:\Gelistirme\CyberGuard_AI\src\models\train_tensorflow_model.py", line 337, in run_full_pipeline
    self.train_model(
  File "C:\Gelistirme\CyberGuard_AI\src\models\train_tensorflow_model.py", line 263, in train_model
    history = self.model.train(
              ^^^^^^^^^^^^^^^^^
  File "C:\Gelistirme\CyberGuard_AI\src\models\tensorflow_model.py", line 256, in train
    self.history = self.model.fit(
                   ^^^^^^^^^^^^^^^
  File "C:\Gelistirme\CyberGuard_AI\.venv\Lib\site-packages\keras\src\utils\traceback_utils.py", line 122, in error_handler
    raise e.with_traceback(filtered_tb) from None
  File "C:\Gelistirme\CyberGuard_AI\.venv\Lib\site-packages\keras\src\backend\common\name_scope.py", line 61, in __exit__
    name_scope_stack.pop()
    ^^^^^^^^^^^^^^^^^^^^
AttributeError: 'NoneType' object has no attribute 'pop'
2025-12-10 17:58:24 - [INFO] - TrainingAPI - info:154 - 🚀 Training started: train_20251210_175824_CyberDefender_20251210
2025-12-10 17:58:50 - [INFO] - TrainingAPI - info:154 - ✅ Training completed: train_20251210_175824_CyberDefender_20251210
